<?xml version="1.0" encoding="UTF-8"?>
<testsuite name="com.bridgelabz.datastructuretest.StackTest" tests="1" skipped="0" failures="0" errors="0" timestamp="2021-03-28T06:55:23" hostname="LAPTOP-2B0EPGRS" time="0.063">
  <properties/>
  <testcase name="given3Numbers_WhenAddedToStack_ShouldHaveLastAddedNode()" classname="com.bridgelabz.datastructuretest.StackTest" time="0.063"/>
  <system-out><![CDATA[My Nodes : 56->30->70
]]></system-out>
  <system-err><![CDATA[]]></system-err>
</testsuite>
